<?xml version="1.0" encoding="UTF-8"?>
<!-- Generated by org.testng.reporters.JUnitReportReporter -->
<testsuite hostname="DESKTOP-KDJ003C" name="testRunner.AcceptanceTestRunner" tests="2" failures="0" timestamp="19 Feb 2018 20:48:53 GMT" time="13.057" errors="0">
  <testcase name="runScenario" time="7.853" classname="testRunner.AcceptanceTestRunner"/>
  <testcase name="runScenario" time="5.204" classname="testRunner.AcceptanceTestRunner"/>
</testsuite> <!-- testRunner.AcceptanceTestRunner -->
