<?xml version="1.0" encoding="UTF-8"?>
<!-- Generated by org.testng.reporters.JUnitReportReporter -->
<testsuite skipped="0" hostname="DESKTOP-KDJ003C" name="Search" tests="2" failures="0" timestamp="15 Feb 2018 16:57:18 GMT" time="34.962" errors="0">
  <testcase name="search" time="1.956" classname="Search"/>
  <testcase name="homepage" time="33.006" classname="Search"/>
</testsuite> <!-- Search -->
