<?xml version="1.0" encoding="UTF-8"?>
<!-- Generated by org.testng.reporters.JUnitReportReporter -->
<testsuite skipped="0" hostname="DESKTOP-KDJ003C" name="SearchResultNarrowingDownTest" tests="2" failures="0" timestamp="17 Feb 2018 19:34:03 GMT" time="23.344" errors="0">
  <testcase name="Can_Search_In_SearchResultPage" time="1.888" classname="SearchResultNarrowingDownTest"/>
  <testcase name="Can_Narrow_Down" time="21.456" classname="SearchResultNarrowingDownTest"/>
</testsuite> <!-- SearchResultNarrowingDownTest -->
