<?xml version="1.0" encoding="UTF-8"?>
<!-- Generated by org.testng.reporters.JUnitReportReporter -->
<testsuite skipped="0" hostname="DESKTOP-KDJ003C" name="com.sony.test.runner.AcceptanceTestRunner" tests="1" failures="0" timestamp="26 Feb 2018 17:09:40 GMT" time="6.659" errors="0">
  <testcase name="runScenario" time="6.659" classname="com.sony.test.runner.AcceptanceTestRunner"/>
</testsuite> <!-- com.sony.test.runner.AcceptanceTestRunner -->
