<?xml version="1.0" encoding="UTF-8"?>
<!-- Generated by org.testng.reporters.JUnitReportReporter -->
<testsuite skipped="0" hostname="DESKTOP-KDJ003C" name="NewTest" tests="1" failures="0" timestamp="12 Feb 2018 20:12:32 GMT" time="15.566" errors="0">
  <testcase name="testMethod" time="15.566" classname="NewTest"/>
</testsuite> <!-- NewTest -->
