<?xml version="1.0" encoding="UTF-8"?>
<!-- Generated by org.testng.reporters.JUnitReportReporter -->
<testsuite skipped="0" hostname="DESKTOP-KDJ003C" name="com.sony.test.AcceptanceTestRunner" tests="2" failures="0" timestamp="19 Feb 2018 18:59:54 GMT" time="40.485" errors="0">
  <testcase name="runScenario" time="10.727" classname="com.sony.test.AcceptanceTestRunner"/>
  <testcase name="runScenario" time="29.758" classname="com.sony.test.AcceptanceTestRunner"/>
</testsuite> <!-- com.sony.test.AcceptanceTestRunner -->
