<?xml version="1.0" encoding="UTF-8"?>
<!-- Generated by org.testng.reporters.JUnitReportReporter -->
<testsuite skipped="0" hostname="DESKTOP-KDJ003C" name="TestRunner" tests="2" failures="0" timestamp="19 Feb 2018 17:30:33 GMT" time="67.679" errors="0">
  <testcase name="runScenario" time="31.670" classname="TestRunner"/>
  <testcase name="runScenario" time="36.009" classname="TestRunner"/>
</testsuite> <!-- TestRunner -->
