<?xml version="1.0" encoding="UTF-8"?>
<!-- Generated by org.testng.reporters.JUnitReportReporter -->
<testsuite skipped="0" hostname="DESKTOP-KDJ003C" name="AcceptanceTestRunner" tests="2" failures="0" timestamp="19 Feb 2018 18:30:21 GMT" time="0.035" errors="2">
  <testcase name="runScenario" time="0.025" classname="AcceptanceTestRunner">
    <error/>
  </testcase> <!-- runScenario -->
  <testcase name="runScenario" time="0.010" classname="AcceptanceTestRunner">
    <error/>
  </testcase> <!-- runScenario -->
</testsuite> <!-- AcceptanceTestRunner -->
